<?xml version="1.0" encoding="UTF-8"?>
<!-- Generated by org.testng.reporters.JUnitReportReporter -->
<testsuite hostname="adam-VirtualBox" failures="0" tests="4" name="com.adam.WebTestFirst.AppTest" time="0.011" errors="0" timestamp="26 Oct 2020 20:35:16 GMT">
  <testcase classname="com.adam.WebTestFirst.AppTest" name="FirstTest" time="0.011"/>
  <testcase classname="com.adam.WebTestFirst.AppTest" name="FourthTest" time="0.000"/>
  <testcase classname="com.adam.WebTestFirst.AppTest" name="SecondTest" time="0.000"/>
  <testcase classname="com.adam.WebTestFirst.AppTest" name="ThirdTest" time="0.000"/>
</testsuite> <!-- com.adam.WebTestFirst.AppTest -->
